info: 2021-04-24 00:00:20
	GET /socket.io/
	Query:
		EIO: 3
		transport: polling
		t: Na22HOL
	Header:
		host: localhost:4000
		connection: keep-alive
		accept: */*
		user-agent: Mozilla/5.0 (Macintosh; Intel Mac OS X 10_15_6) AppleWebKit/605.1.15 (KHTML, like Gecko) Version/14.0.3 Safari/605.1.15
		accept-language: zh-cn
		referer: http://localhost:4000/
		accept-encoding: gzip, deflate
info: 2021-04-24 00:00:21
	GET /socket.io/
	Query:
		EIO: 3
		transport: polling
		t: Na22HZI
	Header:
		host: localhost:4000
		connection: keep-alive
		accept: */*
		user-agent: Mozilla/5.0 (Macintosh; Intel Mac OS X 10_15_6) AppleWebKit/605.1.15 (KHTML, like Gecko) Version/14.0.3 Safari/605.1.15
		accept-language: zh-cn
		referer: http://localhost:4000/
		accept-encoding: gzip, deflate
info: 2021-04-24 00:00:23
	GET /socket.io/
	Query:
		EIO: 3
		transport: polling
		t: Na22I2S
	Header:
		host: localhost:4000
		connection: keep-alive
		accept: */*
		user-agent: Mozilla/5.0 (Macintosh; Intel Mac OS X 10_15_6) AppleWebKit/605.1.15 (KHTML, like Gecko) Version/14.0.3 Safari/605.1.15
		accept-language: zh-cn
		referer: http://localhost:4000/
		accept-encoding: gzip, deflate
info: 2021-04-24 00:00:26
	GET /socket.io/
	Query:
		EIO: 3
		transport: polling
		t: Na22Ipd
	Header:
		host: localhost:4000
		connection: keep-alive
		accept: */*
		user-agent: Mozilla/5.0 (Macintosh; Intel Mac OS X 10_15_6) AppleWebKit/605.1.15 (KHTML, like Gecko) Version/14.0.3 Safari/605.1.15
		accept-language: zh-cn
		referer: http://localhost:4000/
		accept-encoding: gzip, deflate
info: 2021-04-24 00:00:31
	GET /socket.io/
	Query:
		EIO: 3
		transport: polling
		t: Na22K1s
	Header:
		host: localhost:4000
		connection: keep-alive
		accept: */*
		user-agent: Mozilla/5.0 (Macintosh; Intel Mac OS X 10_15_6) AppleWebKit/605.1.15 (KHTML, like Gecko) Version/14.0.3 Safari/605.1.15
		accept-language: zh-cn
		referer: http://localhost:4000/
		accept-encoding: gzip, deflate
